[2019-12-18 19:36:23,887 INFO ]: [ CEDFunctions: 127 ] : 	Getting count from CED file.
[2019-12-18 19:36:23,887 INFO ]: [ CEDFunctions: 31 ] : Getting count from DB.
[2019-12-18 19:38:57,357 INFO ]: [ CEDFunctions: 127 ] : 	Getting count from CED file.
[2019-12-18 19:38:57,358 INFO ]: [ CEDFunctions: 31 ] : Getting count from DB.
[2019-12-18 19:42:02,558 INFO ]: [ CEDFunctions: 127 ] : 	Getting count from CED file.
[2019-12-18 19:42:02,559 INFO ]: [ CEDFunctions: 31 ] : Getting count from DB.
[2019-12-18 19:42:41,620 INFO ]: [ CEDFunctions: 127 ] : 	Getting count from CED file.
[2019-12-18 19:42:48,340 INFO ]: [ CEDFunctions: 31 ] : Getting count from DB.
[2019-12-18 19:46:31,886 INFO ]: [ CEDFunctions: 127 ] : 	Getting count from CED file.
[2019-12-18 19:46:31,887 INFO ]: [ CEDFunctions: 31 ] : Getting count from DB.
[2019-12-18 19:46:33,798 INFO ]: [ CEDFunctions: 108 ] : Validating count for file :: 30336_APPCLOUD_SENT_20191218_071702.txt
[2019-12-18 19:46:33,810 INFO ]: [ CEDFunctions: 147 ] : Count for the ID Match, But there are 10 to be processed yet
[2019-12-18 19:46:33,946 INFO ]: [ CEDFunctions: 127 ] : 	Getting count from CED file.
[2019-12-18 19:46:33,947 INFO ]: [ CEDFunctions: 31 ] : Getting count from DB.
[2019-12-18 19:46:35,313 INFO ]: [ CEDFunctions: 108 ] : Validating count for file :: 30336_CLICK_20191218_071701.txt
[2019-12-18 19:46:35,317 INFO ]: [ CEDFunctions: 147 ] : Count for the ID Match, But there are 10 to be processed yet
[2019-12-18 19:46:35,466 INFO ]: [ CEDFunctions: 127 ] : 	Getting count from CED file.
[2019-12-18 19:46:35,466 INFO ]: [ CEDFunctions: 31 ] : Getting count from DB.
[2019-12-18 19:46:35,930 INFO ]: [ CEDFunctions: 108 ] : Validating count for file :: 30336_FORM_STATE_20191218_071702.txt
[2019-12-18 19:47:28,478 INFO ]: [ CommonFunctions: 224 ] : Reading CEDs Column headers from account's setting
[2019-12-18 19:55:46,138 INFO ]: [ ValidateCount: 130 ] : 	Getting count from CED file.
[2019-12-18 19:55:46,139 INFO ]: [ ValidateCount: 33 ] : Getting count from DB.
[2019-12-18 19:55:47,991 INFO ]: [ ValidateCount: 110 ] : Validating count for file :: 30336_APPCLOUD_SENT_20191218_071702.txt
[2019-12-18 19:55:47,996 INFO ]: [ ValidateCount: 149 ] : Count for the ID Match, But there are 10 to be processed yet
[2019-12-18 19:55:48,111 INFO ]: [ ValidateCount: 130 ] : 	Getting count from CED file.
[2019-12-18 19:55:48,112 INFO ]: [ ValidateCount: 33 ] : Getting count from DB.
[2019-12-18 19:55:49,487 INFO ]: [ ValidateCount: 110 ] : Validating count for file :: 30336_CLICK_20191218_071701.txt
[2019-12-18 19:55:49,489 INFO ]: [ ValidateCount: 149 ] : Count for the ID Match, But there are 10 to be processed yet
[2019-12-18 19:55:49,606 INFO ]: [ ValidateCount: 130 ] : 	Getting count from CED file.
[2019-12-18 19:55:49,607 INFO ]: [ ValidateCount: 33 ] : Getting count from DB.
[2019-12-18 19:55:50,058 INFO ]: [ ValidateCount: 110 ] : Validating count for file :: 30336_FORM_STATE_20191218_071702.txt
[2019-12-18 19:56:59,477 INFO ]: [ ValidateCount: 130 ] : 	Getting count from CED file.
[2019-12-18 19:56:59,477 INFO ]: [ ValidateCount: 33 ] : Getting count from DB.
[2019-12-18 19:57:01,406 INFO ]: [ ValidateCount: 110 ] : Validating count for file :: 30336_APPCLOUD_SENT_20191218_071702.txt
[2019-12-18 19:57:01,416 INFO ]: [ ValidateCount: 149 ] : Count for the ID Match, But there are 10 to be processed yet
[2019-12-18 19:57:01,537 INFO ]: [ ValidateCount: 130 ] : 	Getting count from CED file.
[2019-12-18 19:57:01,537 INFO ]: [ ValidateCount: 33 ] : Getting count from DB.
[2019-12-18 19:57:02,892 INFO ]: [ ValidateCount: 110 ] : Validating count for file :: 30336_CLICK_20191218_071701.txt
[2019-12-18 19:57:02,898 INFO ]: [ ValidateCount: 149 ] : Count for the ID Match, But there are 10 to be processed yet
[2019-12-18 19:57:03,060 INFO ]: [ ValidateCount: 130 ] : 	Getting count from CED file.
[2019-12-18 19:57:03,062 INFO ]: [ ValidateCount: 33 ] : Getting count from DB.
[2019-12-18 19:57:03,524 INFO ]: [ ValidateCount: 110 ] : Validating count for file :: 30336_FORM_STATE_20191218_071702.txt
[2019-12-18 20:31:35,362 INFO ]: [ ValidateCount: 130 ] : 	Getting count from CED file.
[2019-12-18 20:31:35,363 INFO ]: [ ValidateCount: 33 ] : Getting count from DB.
[2019-12-18 20:31:37,108 INFO ]: [ ValidateCount: 110 ] : Validating count for file :: 30336_APPCLOUD_SENT_20191218_071702.txt
[2019-12-18 20:31:37,114 INFO ]: [ ValidateCount: 149 ] : Count for the ID Match, But there are 10 to be processed yet
[2019-12-18 20:31:37,230 INFO ]: [ ValidateCount: 130 ] : 	Getting count from CED file.
[2019-12-18 20:31:37,230 INFO ]: [ ValidateCount: 33 ] : Getting count from DB.
[2019-12-18 20:31:38,608 INFO ]: [ ValidateCount: 110 ] : Validating count for file :: 30336_CLICK_20191218_071701.txt
[2019-12-18 20:31:38,611 INFO ]: [ ValidateCount: 149 ] : Count for the ID Match, But there are 10 to be processed yet
[2019-12-18 20:31:38,741 INFO ]: [ ValidateCount: 130 ] : 	Getting count from CED file.
[2019-12-18 20:31:38,741 INFO ]: [ ValidateCount: 33 ] : Getting count from DB.
[2019-12-18 20:31:39,210 INFO ]: [ ValidateCount: 110 ] : Validating count for file :: 30336_FORM_STATE_20191218_071702.txt
